
> mobile-client@0.1.0 dev
> next dev

   ▲ Next.js 16.0.10 (Turbopack)
   - Local:         http://localhost:3000
   - Network:       http://192.168.0.7:3000
   - Environments: .env.local

 ✓ Starting...
 ✓ Ready in 2.7s
 ○ Compiling / ...
 GET / 200 in 6.4s (compile: 5.7s, render: 675ms)
 GET / 200 in 4.9s (compile: 4.1s, render: 789ms)
 GET / 200 in 339ms (compile: 19ms, render: 320ms)
 GET / 200 in 230ms (compile: 14ms, render: 217ms)
 GET / 200 in 129ms (compile: 11ms, render: 118ms)
 GET / 200 in 157ms (compile: 12ms, render: 145ms)
 GET / 200 in 59ms (compile: 7ms, render: 52ms)
 GET / 200 in 37ms (compile: 6ms, render: 30ms)
 GET / 200 in 56ms (compile: 12ms, render: 44ms)
 GET / 200 in 84ms (compile: 12ms, render: 71ms)
 ✓ Compiled in 72ms
 GET / 200 in 248ms (compile: 98ms, render: 150ms)
 GET / 200 in 84ms (compile: 14ms, render: 70ms)
